<?xml version="1.0" encoding="UTF-8"?>
<!-- Generated by org.testng.reporters.JUnitReportReporter -->
<testsuite hostname="DESKTOP-HHHPQVM" failures="0" tests="2" name="maventest.Sample2" time="15.960" errors="0" timestamp="2022-02-11T11:58:47 PST" skipped="0">
  <testcase classname="maventest.Sample2" name="login" time="15.949"/>
  <system-out/>
  <testcase classname="maventest.Sample2" name="order" time="0.011"/>
  <system-out/>
</testsuite> <!-- maventest.Sample2 -->
