<?xml version="1.0" encoding="UTF-8"?>
<!-- Generated by org.testng.reporters.JUnitReportReporter -->
<testsuite hostname="DESKTOP-HHHPQVM" failures="0" tests="5" name="maventest.Usingthread" time="97.641" errors="0" timestamp="2022-02-11T11:58:47 PST" skipped="0">
  <testcase classname="maventest.Usingthread" name="Apple" time="32.105"/>
  <system-out/>
  <testcase classname="maventest.Usingthread" name="Guava" time="31.759"/>
  <system-out/>
  <testcase classname="maventest.Usingthread" name="Girl" time="0.081"/>
  <system-out/>
  <testcase classname="maventest.Usingthread" name="login" time="33.658"/>
  <system-out/>
  <testcase classname="maventest.Usingthread" name="order" time="0.038"/>
  <system-out/>
</testsuite> <!-- maventest.Usingthread -->
