<?xml version="1.0" encoding="UTF-8"?>
<!-- Generated by org.testng.reporters.JUnitReportReporter -->
<testsuite hostname="DESKTOP-HHHPQVM" failures="0" tests="1" name="maventest.Mainclass2" time="0.755" errors="0" timestamp="2022-02-12T14:08:59 PST" skipped="0">
  <testcase classname="maventest.Mainclass2" name="testrun" time="0.755"/>
  <system-out/>
</testsuite> <!-- maventest.Mainclass2 -->
