<?xml version="1.0" encoding="UTF-8"?>
<!-- Generated by org.testng.reporters.JUnitReportReporter -->
<testsuite hostname="DESKTOP-HHHPQVM" failures="0" tests="1" name="praticetestpackage.SampleTest" time="43.213" errors="0" timestamp="2022-02-26T12:46:25 PST" skipped="0">
  <testcase classname="praticetestpackage.SampleTest" name="createObject" time="43.213"/>
  <system-out/>
</testsuite> <!-- praticetestpackage.SampleTest -->
