<?xml version="1.0" encoding="UTF-8"?>
<!-- Generated by org.testng.reporters.JUnitReportReporter -->
<testsuite hostname="DESKTOP-HHHPQVM" failures="0" tests="1" name="praticetestpackage.SampleTest" time="11.314" errors="0" timestamp="2022-02-21T11:25:03 PST" skipped="0">
  <testcase classname="praticetestpackage.SampleTest" name="createObject" time="11.314"/>
  <system-out/>
</testsuite> <!-- praticetestpackage.SampleTest -->
