<?xml version="1.0" encoding="UTF-8"?>
<!-- Generated by org.testng.reporters.JUnitReportReporter -->
<testsuite hostname="DESKTOP-HHHPQVM" failures="0" tests="4" name="infoyspro.Seleniumjava" time="0.070" errors="0" timestamp="2022-02-19T19:47:53 PST" skipped="0">
  <testcase classname="infoyspro.Seleniumjava" name="fast" time="0.047"/>
  <system-out/>
  <testcase classname="infoyspro.Seleniumjava" name="sweet" time="0.007"/>
  <system-out/>
  <testcase classname="infoyspro.Seleniumjava" name="cute" time="0.012"/>
  <system-out/>
  <testcase classname="infoyspro.Seleniumjava" name="slow" time="0.004"/>
  <system-out/>
</testsuite> <!-- infoyspro.Seleniumjava -->
